<?xml version="1.0" encoding="UTF-8"?>
<testsuite name="BowlingTest" tests="5" skipped="0" failures="0" errors="0" timestamp="2016-10-31T10:23:07" hostname="9735.local" time="0.002">
  <properties/>
  <testcase name="onePin_scoredAs_1" classname="BowlingTest" time="0.001"/>
  <testcase name="gutterGame_scoredAs_0" classname="BowlingTest" time="0.0"/>
  <testcase name="perfectGame_scoredAs_300" classname="BowlingTest" time="0.0"/>
  <testcase name="strike_scoredBy_addTheNextFrame" classname="BowlingTest" time="0.0"/>
  <testcase name="spare_scoredBy_addingTheNextRoll" classname="BowlingTest" time="0.0"/>
  <system-out><![CDATA[]]></system-out>
  <system-err><![CDATA[]]></system-err>
</testsuite>
