<?xml version="1.0" encoding="UTF-8"?>
<testsuite name="PrimeFactorsTest" tests="1" skipped="0" failures="0" errors="0" timestamp="2016-10-31T14:22:55" hostname="9735.local" time="0.003">
  <properties/>
  <testcase name="primeFactors" classname="PrimeFactorsTest" time="0.003"/>
  <system-out><![CDATA[]]></system-out>
  <system-err><![CDATA[]]></system-err>
</testsuite>
